Build started 19/05/2020 16:10:34.
     1>Project "C:\Users\Alberto\Documents\Universidad\3º Curso\II Cuatrimestre\Tratamiento de Imagenes\Practicas\prácticasTDI\TDI\TDI.vcxproj" on node 2 (build target(s)).
     1>InitializeBuildStatus:
         Creating "Debug\TDI.unsuccessfulbuild" because "AlwaysCreate" was specified.
       ClCompile:
         c:\Program Files (x86)\Microsoft Visual Studio 10.0\VC\bin\CL.exe /c /I"C:\Users\Alberto\Documents\Universidad\3º Curso\II Cuatrimestre\Tratamiento de Imagenes\Practicas\prácticasTDI\\include" /ZI /nologo /W3 /WX- /Od /Oy- /D WIN32 /D _DEBUG /D _CONSOLE /D _UNICODE /D UNICODE /Gm /EHsc /RTC1 /MDd /GS /fp:precise /Zc:wchar_t /Zc:forScope /Fo"Debug\\" /Fd"Debug\vc100.pdb" /Gd /TP /analyze- /errorReport:prompt ..\source\TDI.cpp
         TDI.cpp
     1>c:\users\alberto\documents\universidad\3º curso\ii cuatrimestre\tratamiento de imagenes\practicas\prácticastdi\source\tdi.cpp(57): warning C4244: 'argument' : conversion from 'double' to 'const C_Matrix::IndexT', possible loss of data
     1>c:\users\alberto\documents\universidad\3º curso\ii cuatrimestre\tratamiento de imagenes\practicas\prácticastdi\source\tdi.cpp(57): warning C4244: 'argument' : conversion from 'double' to 'const C_Matrix::IndexT', possible loss of data
     1>c:\users\alberto\documents\universidad\3º curso\ii cuatrimestre\tratamiento de imagenes\practicas\prácticastdi\source\tdi.cpp(103): warning C4244: 'argument' : conversion from 'double' to 'const C_Matrix::IndexT', possible loss of data
     1>c:\users\alberto\documents\universidad\3º curso\ii cuatrimestre\tratamiento de imagenes\practicas\prácticastdi\source\tdi.cpp(103): warning C4244: 'argument' : conversion from 'double' to 'const C_Matrix::IndexT', possible loss of data
     1>c:\users\alberto\documents\universidad\3º curso\ii cuatrimestre\tratamiento de imagenes\practicas\prácticastdi\source\tdi.cpp(104): warning C4244: 'argument' : conversion from 'double' to 'const C_Matrix::IndexT', possible loss of data
     1>c:\users\alberto\documents\universidad\3º curso\ii cuatrimestre\tratamiento de imagenes\practicas\prácticastdi\source\tdi.cpp(104): warning C4244: 'argument' : conversion from 'double' to 'const C_Matrix::IndexT', possible loss of data
     1>c:\users\alberto\documents\universidad\3º curso\ii cuatrimestre\tratamiento de imagenes\practicas\prácticastdi\source\tdi.cpp(105): warning C4244: 'argument' : conversion from 'double' to 'const C_Matrix::IndexT', possible loss of data
     1>c:\users\alberto\documents\universidad\3º curso\ii cuatrimestre\tratamiento de imagenes\practicas\prácticastdi\source\tdi.cpp(105): warning C4244: 'argument' : conversion from 'double' to 'const C_Matrix::IndexT', possible loss of data
     1>c:\users\alberto\documents\universidad\3º curso\ii cuatrimestre\tratamiento de imagenes\practicas\prácticastdi\source\tdi.cpp(106): warning C4244: 'argument' : conversion from 'double' to 'const C_Matrix::IndexT', possible loss of data
     1>c:\users\alberto\documents\universidad\3º curso\ii cuatrimestre\tratamiento de imagenes\practicas\prácticastdi\source\tdi.cpp(106): warning C4244: 'argument' : conversion from 'double' to 'const C_Matrix::IndexT', possible loss of data
     1>c:\users\alberto\documents\universidad\3º curso\ii cuatrimestre\tratamiento de imagenes\practicas\prácticastdi\source\tdi.cpp(149): warning C4244: '=' : conversion from 'double' to 'int', possible loss of data
     1>c:\users\alberto\documents\universidad\3º curso\ii cuatrimestre\tratamiento de imagenes\practicas\prácticastdi\source\tdi.cpp(150): warning C4244: '=' : conversion from 'double' to 'int', possible loss of data
     1>c:\users\alberto\documents\universidad\3º curso\ii cuatrimestre\tratamiento de imagenes\practicas\prácticastdi\source\tdi.cpp(162): warning C4244: 'argument' : conversion from 'double' to 'const C_Matrix::IndexT', possible loss of data
     1>c:\users\alberto\documents\universidad\3º curso\ii cuatrimestre\tratamiento de imagenes\practicas\prácticastdi\source\tdi.cpp(162): warning C4244: 'argument' : conversion from 'double' to 'const C_Matrix::IndexT', possible loss of data
     1>c:\users\alberto\documents\universidad\3º curso\ii cuatrimestre\tratamiento de imagenes\practicas\prácticastdi\source\tdi.cpp(163): warning C4244: 'argument' : conversion from 'double' to 'const C_Matrix::IndexT', possible loss of data
     1>c:\users\alberto\documents\universidad\3º curso\ii cuatrimestre\tratamiento de imagenes\practicas\prácticastdi\source\tdi.cpp(163): warning C4244: 'argument' : conversion from 'double' to 'const C_Matrix::IndexT', possible loss of data
     1>c:\users\alberto\documents\universidad\3º curso\ii cuatrimestre\tratamiento de imagenes\practicas\prácticastdi\source\tdi.cpp(164): warning C4244: 'argument' : conversion from 'double' to 'const C_Matrix::IndexT', possible loss of data
     1>c:\users\alberto\documents\universidad\3º curso\ii cuatrimestre\tratamiento de imagenes\practicas\prácticastdi\source\tdi.cpp(164): warning C4244: 'argument' : conversion from 'double' to 'const C_Matrix::IndexT', possible loss of data
     1>c:\users\alberto\documents\universidad\3º curso\ii cuatrimestre\tratamiento de imagenes\practicas\prácticastdi\source\tdi.cpp(165): warning C4244: 'argument' : conversion from 'double' to 'const C_Matrix::IndexT', possible loss of data
     1>c:\users\alberto\documents\universidad\3º curso\ii cuatrimestre\tratamiento de imagenes\practicas\prácticastdi\source\tdi.cpp(165): warning C4244: 'argument' : conversion from 'double' to 'const C_Matrix::IndexT', possible loss of data
     1>c:\users\alberto\documents\universidad\3º curso\ii cuatrimestre\tratamiento de imagenes\practicas\prácticastdi\source\tdi.cpp(166): warning C4244: 'argument' : conversion from 'double' to 'const C_Matrix::IndexT', possible loss of data
     1>c:\users\alberto\documents\universidad\3º curso\ii cuatrimestre\tratamiento de imagenes\practicas\prácticastdi\source\tdi.cpp(166): warning C4244: 'argument' : conversion from 'double' to 'const C_Matrix::IndexT', possible loss of data
     1>c:\users\alberto\documents\universidad\3º curso\ii cuatrimestre\tratamiento de imagenes\practicas\prácticastdi\source\tdi.cpp(167): warning C4244: 'argument' : conversion from 'double' to 'const C_Matrix::IndexT', possible loss of data
     1>c:\users\alberto\documents\universidad\3º curso\ii cuatrimestre\tratamiento de imagenes\practicas\prácticastdi\source\tdi.cpp(167): warning C4244: 'argument' : conversion from 'double' to 'const C_Matrix::IndexT', possible loss of data
     1>c:\users\alberto\documents\universidad\3º curso\ii cuatrimestre\tratamiento de imagenes\practicas\prácticastdi\source\tdi.cpp(168): warning C4244: 'argument' : conversion from 'double' to 'const C_Matrix::IndexT', possible loss of data
     1>c:\users\alberto\documents\universidad\3º curso\ii cuatrimestre\tratamiento de imagenes\practicas\prácticastdi\source\tdi.cpp(168): warning C4244: 'argument' : conversion from 'double' to 'const C_Matrix::IndexT', possible loss of data
     1>c:\users\alberto\documents\universidad\3º curso\ii cuatrimestre\tratamiento de imagenes\practicas\prácticastdi\source\tdi.cpp(169): warning C4244: 'argument' : conversion from 'double' to 'const C_Matrix::IndexT', possible loss of data
     1>c:\users\alberto\documents\universidad\3º curso\ii cuatrimestre\tratamiento de imagenes\practicas\prácticastdi\source\tdi.cpp(169): warning C4244: 'argument' : conversion from 'double' to 'const C_Matrix::IndexT', possible loss of data
     1>c:\users\alberto\documents\universidad\3º curso\ii cuatrimestre\tratamiento de imagenes\practicas\prácticastdi\source\tdi.cpp(170): warning C4244: 'argument' : conversion from 'double' to 'const C_Matrix::IndexT', possible loss of data
     1>c:\users\alberto\documents\universidad\3º curso\ii cuatrimestre\tratamiento de imagenes\practicas\prácticastdi\source\tdi.cpp(170): warning C4244: 'argument' : conversion from 'double' to 'const C_Matrix::IndexT', possible loss of data
     1>c:\users\alberto\documents\universidad\3º curso\ii cuatrimestre\tratamiento de imagenes\practicas\prácticastdi\source\tdi.cpp(171): warning C4244: 'argument' : conversion from 'double' to 'const C_Matrix::IndexT', possible loss of data
     1>c:\users\alberto\documents\universidad\3º curso\ii cuatrimestre\tratamiento de imagenes\practicas\prácticastdi\source\tdi.cpp(171): warning C4244: 'argument' : conversion from 'double' to 'const C_Matrix::IndexT', possible loss of data
     1>c:\users\alberto\documents\universidad\3º curso\ii cuatrimestre\tratamiento de imagenes\practicas\prácticastdi\source\tdi.cpp(172): warning C4244: 'argument' : conversion from 'double' to 'const C_Matrix::IndexT', possible loss of data
     1>c:\users\alberto\documents\universidad\3º curso\ii cuatrimestre\tratamiento de imagenes\practicas\prácticastdi\source\tdi.cpp(172): warning C4244: 'argument' : conversion from 'double' to 'const C_Matrix::IndexT', possible loss of data
     1>c:\users\alberto\documents\universidad\3º curso\ii cuatrimestre\tratamiento de imagenes\practicas\prácticastdi\source\tdi.cpp(173): warning C4244: 'argument' : conversion from 'double' to 'const C_Matrix::IndexT', possible loss of data
     1>c:\users\alberto\documents\universidad\3º curso\ii cuatrimestre\tratamiento de imagenes\practicas\prácticastdi\source\tdi.cpp(173): warning C4244: 'argument' : conversion from 'double' to 'const C_Matrix::IndexT', possible loss of data
     1>c:\users\alberto\documents\universidad\3º curso\ii cuatrimestre\tratamiento de imagenes\practicas\prácticastdi\source\tdi.cpp(174): warning C4244: 'argument' : conversion from 'double' to 'const C_Matrix::IndexT', possible loss of data
     1>c:\users\alberto\documents\universidad\3º curso\ii cuatrimestre\tratamiento de imagenes\practicas\prácticastdi\source\tdi.cpp(174): warning C4244: 'argument' : conversion from 'double' to 'const C_Matrix::IndexT', possible loss of data
     1>c:\users\alberto\documents\universidad\3º curso\ii cuatrimestre\tratamiento de imagenes\practicas\prácticastdi\source\tdi.cpp(175): warning C4244: 'argument' : conversion from 'double' to 'const C_Matrix::IndexT', possible loss of data
     1>c:\users\alberto\documents\universidad\3º curso\ii cuatrimestre\tratamiento de imagenes\practicas\prácticastdi\source\tdi.cpp(175): warning C4244: 'argument' : conversion from 'double' to 'const C_Matrix::IndexT', possible loss of data
     1>c:\users\alberto\documents\universidad\3º curso\ii cuatrimestre\tratamiento de imagenes\practicas\prácticastdi\source\tdi.cpp(176): warning C4244: 'argument' : conversion from 'double' to 'const C_Matrix::IndexT', possible loss of data
     1>c:\users\alberto\documents\universidad\3º curso\ii cuatrimestre\tratamiento de imagenes\practicas\prácticastdi\source\tdi.cpp(176): warning C4244: 'argument' : conversion from 'double' to 'const C_Matrix::IndexT', possible loss of data
     1>c:\users\alberto\documents\universidad\3º curso\ii cuatrimestre\tratamiento de imagenes\practicas\prácticastdi\source\tdi.cpp(177): warning C4244: 'argument' : conversion from 'double' to 'const C_Matrix::IndexT', possible loss of data
     1>c:\users\alberto\documents\universidad\3º curso\ii cuatrimestre\tratamiento de imagenes\practicas\prácticastdi\source\tdi.cpp(177): warning C4244: 'argument' : conversion from 'double' to 'const C_Matrix::IndexT', possible loss of data
     1>c:\users\alberto\documents\universidad\3º curso\ii cuatrimestre\tratamiento de imagenes\practicas\prácticastdi\source\tdi.cpp(292): warning C4244: '=' : conversion from 'double' to 'int', possible loss of data
     1>c:\users\alberto\documents\universidad\3º curso\ii cuatrimestre\tratamiento de imagenes\practicas\prácticastdi\source\tdi.cpp(293): warning C4244: '=' : conversion from 'double' to 'int', possible loss of data
       ManifestResourceCompile:
         All outputs are up-to-date.
       Link:
         c:\Program Files (x86)\Microsoft Visual Studio 10.0\VC\bin\link.exe /ERRORREPORT:PROMPT /OUT:"C:\Users\Alberto\Documents\Universidad\3º Curso\II Cuatrimestre\Tratamiento de Imagenes\Practicas\prácticasTDI\Debug\TDI.exe" /INCREMENTAL /NOLOGO kernel32.lib user32.lib gdi32.lib winspool.lib comdlg32.lib advapi32.lib shell32.lib ole32.lib oleaut32.lib uuid.lib odbc32.lib odbccp32.lib /MANIFEST /ManifestFile:"Debug\TDI.exe.intermediate.manifest" /MANIFESTUAC:"level='asInvoker' uiAccess='false'" /DEBUG /PDB:"C:\Users\Alberto\Documents\Universidad\3º Curso\II Cuatrimestre\Tratamiento de Imagenes\Practicas\prácticasTDI\Debug\TDI.pdb" /SUBSYSTEM:CONSOLE /TLBID:1 /DYNAMICBASE /NXCOMPAT /IMPLIB:"C:\Users\Alberto\Documents\Universidad\3º Curso\II Cuatrimestre\Tratamiento de Imagenes\Practicas\prácticasTDI\Debug\TDI.lib" /MACHINE:X86 Debug\TDI.exe.embed.manifest.res
         Debug\TDI.obj
         Debug\Test.obj
         ..\lib\IMtdi_VS2010_Debug.lib
       Manifest:
         c:\Program Files (x86)\Microsoft SDKs\Windows\v7.0A\bin\mt.exe /nologo /verbose /out:"Debug\TDI.exe.embed.manifest" /manifest Debug\TDI.exe.intermediate.manifest
         All outputs are up-to-date.
       LinkEmbedManifest:
         All outputs are up-to-date.
         TDI.vcxproj -> C:\Users\Alberto\Documents\Universidad\3º Curso\II Cuatrimestre\Tratamiento de Imagenes\Practicas\prácticasTDI\Debug\TDI.exe
       FinalizeBuildStatus:
         Deleting file "Debug\TDI.unsuccessfulbuild".
         Touching "Debug\TDI.lastbuildstate".
     1>Done Building Project "C:\Users\Alberto\Documents\Universidad\3º Curso\II Cuatrimestre\Tratamiento de Imagenes\Practicas\prácticasTDI\TDI\TDI.vcxproj" (build target(s)).

Build succeeded.

Time Elapsed 00:00:02.50
